<?xml version="1.0" encoding="UTF-8"?><testsuite errors="0" failures="0" name="come.lc.df.studentApp.studentinfo.StudentCrudTest" skipped="0" tests="4" time="12.06" timestamp="2020-05-140 01:47:19"><testcase classname="come.lc.df.studentApp.studentinfo.StudentCrudTest" name="New Student will be added"/><testcase classname="come.lc.df.studentApp.studentinfo.StudentCrudTest" name="Verify if the student was added to the application"/><testcase classname="come.lc.df.studentApp.studentinfo.StudentCrudTest" name="Update the user information and verify the updated information"/><testcase classname="come.lc.df.studentApp.studentinfo.StudentCrudTest" name="Delete the student and verify if the student is deleted!"/></testsuite>